Command line invocation:
    /Applications/Xcode.app/Contents/Developer/usr/bin/xcodebuild clean build -workspace SonarQueProject.xcworkspace -scheme SonarQueProject -destination generic/platform=iOS COMPILER_INDEX_STORE_ENABLE=NO

User defaults from command line:
    IDEPackageSupportUseBuiltinSCM = YES

Build settings from command line:
    COMPILER_INDEX_STORE_ENABLE = NO

note: Using new build system
note: Build preparation complete

** CLEAN SUCCEEDED **

note: Using new build system
note: Planning
Analyze workspace

Create build description
Build description signature: e21c66af3ef48c45622f69238ff4aaa2
Build description path: /Users/bairdweng/Library/Developer/Xcode/DerivedData/SonarQueProject-crgtbykkjnghjrbvdlhkhypwwzom/Build/Intermediates.noindex/XCBuildData/e21c66af3ef48c45622f69238ff4aaa2-desc.xcbuild

note: Build preparation complete
note: Building targets in dependency order
CreateBuildDirectory /Users/bairdweng/Library/Developer/Xcode/DerivedData/SonarQueProject-crgtbykkjnghjrbvdlhkhypwwzom/Build/Intermediates.noindex
    cd /Users/bairdweng/Desktop/SonarQueProject
    builtin-create-build-directory /Users/bairdweng/Library/Developer/Xcode/DerivedData/SonarQueProject-crgtbykkjnghjrbvdlhkhypwwzom/Build/Intermediates.noindex

CreateBuildDirectory /Users/bairdweng/Library/Developer/Xcode/DerivedData/SonarQueProject-crgtbykkjnghjrbvdlhkhypwwzom/Build/Products
    cd /Users/bairdweng/Desktop/SonarQueProject
    builtin-create-build-directory /Users/bairdweng/Library/Developer/Xcode/DerivedData/SonarQueProject-crgtbykkjnghjrbvdlhkhypwwzom/Build/Products

CreateBuildDirectory /Users/bairdweng/Library/Developer/Xcode/DerivedData/SonarQueProject-crgtbykkjnghjrbvdlhkhypwwzom/Build/Products/Debug-iphoneos
    cd /Users/bairdweng/Desktop/SonarQueProject
    builtin-create-build-directory /Users/bairdweng/Library/Developer/Xcode/DerivedData/SonarQueProject-crgtbykkjnghjrbvdlhkhypwwzom/Build/Products/Debug-iphoneos

MkDir /Users/bairdweng/Library/Developer/Xcode/DerivedData/SonarQueProject-crgtbykkjnghjrbvdlhkhypwwzom/Build/Products/Debug-iphoneos/SonarQueProject.app (in target 'SonarQueProject' from project 'SonarQueProject')
    cd /Users/bairdweng/Desktop/SonarQueProject
    /bin/mkdir -p /Users/bairdweng/Library/Developer/Xcode/DerivedData/SonarQueProject-crgtbykkjnghjrbvdlhkhypwwzom/Build/Products/Debug-iphoneos/SonarQueProject.app

MkDir /Users/bairdweng/Library/Developer/Xcode/DerivedData/SonarQueProject-crgtbykkjnghjrbvdlhkhypwwzom/Build/Products/Debug-iphoneos/Pods_SonarQueProject.framework (in target 'Pods-SonarQueProject' from project 'Pods')
    cd /Users/bairdweng/Desktop/SonarQueProject/Pods
    /bin/mkdir -p /Users/bairdweng/Library/Developer/Xcode/DerivedData/SonarQueProject-crgtbykkjnghjrbvdlhkhypwwzom/Build/Products/Debug-iphoneos/Pods_SonarQueProject.framework

MkDir /Users/bairdweng/Library/Developer/Xcode/DerivedData/SonarQueProject-crgtbykkjnghjrbvdlhkhypwwzom/Build/Products/Debug-iphoneos/Pods_SonarQueProject.framework/Headers (in target 'Pods-SonarQueProject' from project 'Pods')
    cd /Users/bairdweng/Desktop/SonarQueProject/Pods
    /bin/mkdir -p /Users/bairdweng/Library/Developer/Xcode/DerivedData/SonarQueProject-crgtbykkjnghjrbvdlhkhypwwzom/Build/Products/Debug-iphoneos/Pods_SonarQueProject.framework/Headers

WriteAuxiliaryFile /Users/bairdweng/Library/Developer/Xcode/DerivedData/SonarQueProject-crgtbykkjnghjrbvdlhkhypwwzom/Build/Intermediates.noindex/Pods.build/Debug-iphoneos/Pods-SonarQueProject.build/Pods_SonarQueProject.hmap (in target 'Pods-SonarQueProject' from project 'Pods')
    cd /Users/bairdweng/Desktop/SonarQueProject/Pods
    write-file /Users/bairdweng/Library/Developer/Xcode/DerivedData/SonarQueProject-crgtbykkjnghjrbvdlhkhypwwzom/Build/Intermediates.noindex/Pods.build/Debug-iphoneos/Pods-SonarQueProject.build/Pods_SonarQueProject.hmap

WriteAuxiliaryFile /Users/bairdweng/Library/Developer/Xcode/DerivedData/SonarQueProject-crgtbykkjnghjrbvdlhkhypwwzom/Build/Intermediates.noindex/Pods.build/Debug-iphoneos/Pods-SonarQueProject.build/Pods_SonarQueProject-project-headers.hmap (in target 'Pods-SonarQueProject' from project 'Pods')
    cd /Users/bairdweng/Desktop/SonarQueProject/Pods
    write-file /Users/bairdweng/Library/Developer/Xcode/DerivedData/SonarQueProject-crgtbykkjnghjrbvdlhkhypwwzom/Build/Intermediates.noindex/Pods.build/Debug-iphoneos/Pods-SonarQueProject.build/Pods_SonarQueProject-project-headers.hmap

WriteAuxiliaryFile /Users/bairdweng/Library/Developer/Xcode/DerivedData/SonarQueProject-crgtbykkjnghjrbvdlhkhypwwzom/Build/Intermediates.noindex/Pods.build/Debug-iphoneos/Pods-SonarQueProject.build/all-product-headers.yaml (in target 'Pods-SonarQueProject' from project 'Pods')
    cd /Users/bairdweng/Desktop/SonarQueProject/Pods
    write-file /Users/bairdweng/Library/Developer/Xcode/DerivedData/SonarQueProject-crgtbykkjnghjrbvdlhkhypwwzom/Build/Intermediates.noindex/Pods.build/Debug-iphoneos/Pods-SonarQueProject.build/all-product-headers.yaml

WriteAuxiliaryFile /Users/bairdweng/Library/Developer/Xcode/DerivedData/SonarQueProject-crgtbykkjnghjrbvdlhkhypwwzom/Build/Intermediates.noindex/Pods.build/Debug-iphoneos/Pods-SonarQueProject.build/Pods_SonarQueProject-all-target-headers.hmap (in target 'Pods-SonarQueProject' from project 'Pods')
    cd /Users/bairdweng/Desktop/SonarQueProject/Pods
    write-file /Users/bairdweng/Library/Developer/Xcode/DerivedData/SonarQueProject-crgtbykkjnghjrbvdlhkhypwwzom/Build/Intermediates.noindex/Pods.build/Debug-iphoneos/Pods-SonarQueProject.build/Pods_SonarQueProject-all-target-headers.hmap

WriteAuxiliaryFile /Users/bairdweng/Library/Developer/Xcode/DerivedData/SonarQueProject-crgtbykkjnghjrbvdlhkhypwwzom/Build/Intermediates.noindex/Pods.build/Debug-iphoneos/Pods-SonarQueProject.build/Pods_SonarQueProject-own-target-headers.hmap (in target 'Pods-SonarQueProject' from project 'Pods')
    cd /Users/bairdweng/Desktop/SonarQueProject/Pods
    write-file /Users/bairdweng/Library/Developer/Xcode/DerivedData/SonarQueProject-crgtbykkjnghjrbvdlhkhypwwzom/Build/Intermediates.noindex/Pods.build/Debug-iphoneos/Pods-SonarQueProject.build/Pods_SonarQueProject-own-target-headers.hmap

WriteAuxiliaryFile /Users/bairdweng/Library/Developer/Xcode/DerivedData/SonarQueProject-crgtbykkjnghjrbvdlhkhypwwzom/Build/Intermediates.noindex/Pods.build/Debug-iphoneos/Pods-SonarQueProject.build/Pods_SonarQueProject-all-non-framework-target-headers.hmap (in target 'Pods-SonarQueProject' from project 'Pods')
    cd /Users/bairdweng/Desktop/SonarQueProject/Pods
    write-file /Users/bairdweng/Library/Developer/Xcode/DerivedData/SonarQueProject-crgtbykkjnghjrbvdlhkhypwwzom/Build/Intermediates.noindex/Pods.build/Debug-iphoneos/Pods-SonarQueProject.build/Pods_SonarQueProject-all-non-framework-target-headers.hmap

WriteAuxiliaryFile /Users/bairdweng/Library/Developer/Xcode/DerivedData/SonarQueProject-crgtbykkjnghjrbvdlhkhypwwzom/Build/Intermediates.noindex/Pods.build/Debug-iphoneos/Pods-SonarQueProject.build/Pods_SonarQueProject-generated-files.hmap (in target 'Pods-SonarQueProject' from project 'Pods')
    cd /Users/bairdweng/Desktop/SonarQueProject/Pods
    write-file /Users/bairdweng/Library/Developer/Xcode/DerivedData/SonarQueProject-crgtbykkjnghjrbvdlhkhypwwzom/Build/Intermediates.noindex/Pods.build/Debug-iphoneos/Pods-SonarQueProject.build/Pods_SonarQueProject-generated-files.hmap

WriteAuxiliaryFile /Users/bairdweng/Library/Developer/Xcode/DerivedData/SonarQueProject-crgtbykkjnghjrbvdlhkhypwwzom/Build/Intermediates.noindex/Pods.build/Debug-iphoneos/Pods-SonarQueProject.build/module.modulemap (in target 'Pods-SonarQueProject' from project 'Pods')
    cd /Users/bairdweng/Desktop/SonarQueProject/Pods
    write-file /Users/bairdweng/Library/Developer/Xcode/DerivedData/SonarQueProject-crgtbykkjnghjrbvdlhkhypwwzom/Build/Intermediates.noindex/Pods.build/Debug-iphoneos/Pods-SonarQueProject.build/module.modulemap

Ditto /Users/bairdweng/Library/Developer/Xcode/DerivedData/SonarQueProject-crgtbykkjnghjrbvdlhkhypwwzom/Build/Intermediates.noindex/Pods.build/Debug-iphoneos/Pods-SonarQueProject.build/module.modulemap /Users/bairdweng/Library/Developer/Xcode/DerivedData/SonarQueProject-crgtbykkjnghjrbvdlhkhypwwzom/Build/Products/Debug-iphoneos/Pods_SonarQueProject.framework/Modules/module.modulemap (in target 'Pods-SonarQueProject' from project 'Pods')
    cd /Users/bairdweng/Desktop/SonarQueProject/Pods
    builtin-copy -exclude .DS_Store -exclude CVS -exclude .svn -exclude .git -exclude .hg -resolve-src-symlinks /Users/bairdweng/Library/Developer/Xcode/DerivedData/SonarQueProject-crgtbykkjnghjrbvdlhkhypwwzom/Build/Intermediates.noindex/Pods.build/Debug-iphoneos/Pods-SonarQueProject.build/module.modulemap /Users/bairdweng/Library/Developer/Xcode/DerivedData/SonarQueProject-crgtbykkjnghjrbvdlhkhypwwzom/Build/Products/Debug-iphoneos/Pods_SonarQueProject.framework/Modules

ProcessInfoPlistFile /Users/bairdweng/Library/Developer/Xcode/DerivedData/SonarQueProject-crgtbykkjnghjrbvdlhkhypwwzom/Build/Products/Debug-iphoneos/Pods_SonarQueProject.framework/Info.plist /Users/bairdweng/Desktop/SonarQueProject/Pods/Target\ Support\ Files/Pods-SonarQueProject/Pods-SonarQueProject-Info.plist (in target 'Pods-SonarQueProject' from project 'Pods')
    cd /Users/bairdweng/Desktop/SonarQueProject/Pods
    builtin-infoPlistUtility /Users/bairdweng/Desktop/SonarQueProject/Pods/Target\ Support\ Files/Pods-SonarQueProject/Pods-SonarQueProject-Info.plist -producttype com.apple.product-type.framework -expandbuildsettings -format binary -platform iphoneos -requiredArchitecture arm64 -o /Users/bairdweng/Library/Developer/Xcode/DerivedData/SonarQueProject-crgtbykkjnghjrbvdlhkhypwwzom/Build/Products/Debug-iphoneos/Pods_SonarQueProject.framework/Info.plist

CpHeader /Users/bairdweng/Desktop/SonarQueProject/Pods/Target\ Support\ Files/Pods-SonarQueProject/Pods-SonarQueProject-umbrella.h /Users/bairdweng/Library/Developer/Xcode/DerivedData/SonarQueProject-crgtbykkjnghjrbvdlhkhypwwzom/Build/Products/Debug-iphoneos/Pods_SonarQueProject.framework/Headers/Pods-SonarQueProject-umbrella.h (in target 'Pods-SonarQueProject' from project 'Pods')
    cd /Users/bairdweng/Desktop/SonarQueProject/Pods
    builtin-copy -exclude .DS_Store -exclude CVS -exclude .svn -exclude .git -exclude .hg -resolve-src-symlinks /Users/bairdweng/Desktop/SonarQueProject/Pods/Target\ Support\ Files/Pods-SonarQueProject/Pods-SonarQueProject-umbrella.h /Users/bairdweng/Library/Developer/Xcode/DerivedData/SonarQueProject-crgtbykkjnghjrbvdlhkhypwwzom/Build/Products/Debug-iphoneos/Pods_SonarQueProject.framework/Headers

WriteAuxiliaryFile /Users/bairdweng/Library/Developer/Xcode/DerivedData/SonarQueProject-crgtbykkjnghjrbvdlhkhypwwzom/Build/Intermediates.noindex/Pods.build/Debug-iphoneos/Pods-SonarQueProject.build/DerivedSources/Pods_SonarQueProject_vers.c (in target 'Pods-SonarQueProject' from project 'Pods')
    cd /Users/bairdweng/Desktop/SonarQueProject/Pods
    write-file /Users/bairdweng/Library/Developer/Xcode/DerivedData/SonarQueProject-crgtbykkjnghjrbvdlhkhypwwzom/Build/Intermediates.noindex/Pods.build/Debug-iphoneos/Pods-SonarQueProject.build/DerivedSources/Pods_SonarQueProject_vers.c

WriteAuxiliaryFile /Users/bairdweng/Library/Developer/Xcode/DerivedData/SonarQueProject-crgtbykkjnghjrbvdlhkhypwwzom/Build/Intermediates.noindex/Pods.build/Debug-iphoneos/Pods-SonarQueProject.build/Objects-normal/arm64/Pods_SonarQueProject.LinkFileList (in target 'Pods-SonarQueProject' from project 'Pods')
    cd /Users/bairdweng/Desktop/SonarQueProject/Pods
    write-file /Users/bairdweng/Library/Developer/Xcode/DerivedData/SonarQueProject-crgtbykkjnghjrbvdlhkhypwwzom/Build/Intermediates.noindex/Pods.build/Debug-iphoneos/Pods-SonarQueProject.build/Objects-normal/arm64/Pods_SonarQueProject.LinkFileList

CompileC /Users/bairdweng/Library/Developer/Xcode/DerivedData/SonarQueProject-crgtbykkjnghjrbvdlhkhypwwzom/Build/Intermediates.noindex/Pods.build/Debug-iphoneos/Pods-SonarQueProject.build/Objects-normal/arm64/Pods-SonarQueProject-dummy.o /Users/bairdweng/Desktop/SonarQueProject/Pods/Target\ Support\ Files/Pods-SonarQueProject/Pods-SonarQueProject-dummy.m normal arm64 objective-c com.apple.compilers.llvm.clang.1_0.compiler (in target 'Pods-SonarQueProject' from project 'Pods')
    cd /Users/bairdweng/Desktop/SonarQueProject/Pods
    export LANG\=en_US.US-ASCII
    /Applications/Xcode.app/Contents/Developer/Toolchains/XcodeDefault.xctoolchain/usr/bin/clang -x objective-c -target arm64-apple-ios15.2 -fmessage-length\=0 -fdiagnostics-show-note-include-stack -fmacro-backtrace-limit\=0 -std\=gnu11 -fobjc-arc -fmodules -gmodules -fmodules-cache-path\=/Users/bairdweng/Library/Developer/Xcode/DerivedData/ModuleCache.noindex -fmodules-prune-interval\=86400 -fmodules-prune-after\=345600 -fbuild-session-file\=/Users/bairdweng/Library/Developer/Xcode/DerivedData/ModuleCache.noindex/Session.modulevalidation -fmodules-validate-once-per-build-session -Wnon-modular-include-in-framework-module -Werror\=non-modular-include-in-framework-module -fmodule-name\=Pods_SonarQueProject -Wno-trigraphs -fpascal-strings -O0 -fno-common -Wno-missing-field-initializers -Wno-missing-prototypes -Werror\=return-type -Wdocumentation -Wunreachable-code -Wno-implicit-atomic-properties -Werror\=deprecated-objc-isa-usage -Wno-objc-interface-ivars -Werror\=objc-root-class -Wno-arc-repeated-use-of-weak -Wimplicit-retain-self -Wduplicate-method-match -Wno-missing-braces -Wparentheses -Wswitch -Wunused-function -Wno-unused-label -Wno-unused-parameter -Wunused-variable -Wunused-value -Wempty-body -Wuninitialized -Wconditional-uninitialized -Wno-unknown-pragmas -Wno-shadow -Wno-four-char-constants -Wno-conversion -Wconstant-conversion -Wint-conversion -Wbool-conversion -Wenum-conversion -Wno-float-conversion -Wnon-literal-null-conversion -Wobjc-literal-conversion -Wshorten-64-to-32 -Wpointer-sign -Wno-newline-eof -Wno-selector -Wno-strict-selector-match -Wundeclared-selector -Wdeprecated-implementations -DPOD_CONFIGURATION_DEBUG\=1 -DDEBUG\=1 -DCOCOAPODS\=1 -DOBJC_OLD_DISPATCH_PROTOTYPES\=0 -isysroot /Applications/Xcode.app/Contents/Developer/Platforms/iPhoneOS.platform/Developer/SDKs/iPhoneOS15.2.sdk -fstrict-aliasing -Wprotocol -Wdeprecated-declarations -g -Wno-sign-conversion -Winfinite-recursion -Wcomma -Wblock-capture-autoreleasing -Wstrict-prototypes -Wno-semicolon-before-method-body -Wunguarded-availability -fembed-bitcode-marker -iquote /Users/bairdweng/Library/Developer/Xcode/DerivedData/SonarQueProject-crgtbykkjnghjrbvdlhkhypwwzom/Build/Intermediates.noindex/Pods.build/Debug-iphoneos/Pods-SonarQueProject.build/Pods_SonarQueProject-generated-files.hmap -I/Users/bairdweng/Library/Developer/Xcode/DerivedData/SonarQueProject-crgtbykkjnghjrbvdlhkhypwwzom/Build/Intermediates.noindex/Pods.build/Debug-iphoneos/Pods-SonarQueProject.build/Pods_SonarQueProject-own-target-headers.hmap -I/Users/bairdweng/Library/Developer/Xcode/DerivedData/SonarQueProject-crgtbykkjnghjrbvdlhkhypwwzom/Build/Intermediates.noindex/Pods.build/Debug-iphoneos/Pods-SonarQueProject.build/Pods_SonarQueProject-all-non-framework-target-headers.hmap -ivfsoverlay /Users/bairdweng/Library/Developer/Xcode/DerivedData/SonarQueProject-crgtbykkjnghjrbvdlhkhypwwzom/Build/Intermediates.noindex/Pods.build/Debug-iphoneos/Pods-SonarQueProject.build/all-product-headers.yaml -iquote /Users/bairdweng/Library/Developer/Xcode/DerivedData/SonarQueProject-crgtbykkjnghjrbvdlhkhypwwzom/Build/Intermediates.noindex/Pods.build/Debug-iphoneos/Pods-SonarQueProject.build/Pods_SonarQueProject-project-headers.hmap -I/Users/bairdweng/Library/Developer/Xcode/DerivedData/SonarQueProject-crgtbykkjnghjrbvdlhkhypwwzom/Build/Products/Debug-iphoneos/include -I/Users/bairdweng/Library/Developer/Xcode/DerivedData/SonarQueProject-crgtbykkjnghjrbvdlhkhypwwzom/Build/Intermediates.noindex/Pods.build/Debug-iphoneos/Pods-SonarQueProject.build/DerivedSources-normal/arm64 -I/Users/bairdweng/Library/Developer/Xcode/DerivedData/SonarQueProject-crgtbykkjnghjrbvdlhkhypwwzom/Build/Intermediates.noindex/Pods.build/Debug-iphoneos/Pods-SonarQueProject.build/DerivedSources/arm64 -I/Users/bairdweng/Library/Developer/Xcode/DerivedData/SonarQueProject-crgtbykkjnghjrbvdlhkhypwwzom/Build/Intermediates.noindex/Pods.build/Debug-iphoneos/Pods-SonarQueProject.build/DerivedSources -F/Users/bairdweng/Library/Developer/Xcode/DerivedData/SonarQueProject-crgtbykkjnghjrbvdlhkhypwwzom/Build/Products/Debug-iphoneos -MMD -MT dependencies -MF /Users/bairdweng/Library/Developer/Xcode/DerivedData/SonarQueProject-crgtbykkjnghjrbvdlhkhypwwzom/Build/Intermediates.noindex/Pods.build/Debug-iphoneos/Pods-SonarQueProject.build/Objects-normal/arm64/Pods-SonarQueProject-dummy.d --serialize-diagnostics /Users/bairdweng/Library/Developer/Xcode/DerivedData/SonarQueProject-crgtbykkjnghjrbvdlhkhypwwzom/Build/Intermediates.noindex/Pods.build/Debug-iphoneos/Pods-SonarQueProject.build/Objects-normal/arm64/Pods-SonarQueProject-dummy.dia -c /Users/bairdweng/Desktop/SonarQueProject/Pods/Target\ Support\ Files/Pods-SonarQueProject/Pods-SonarQueProject-dummy.m -o /Users/bairdweng/Library/Developer/Xcode/DerivedData/SonarQueProject-crgtbykkjnghjrbvdlhkhypwwzom/Build/Intermediates.noindex/Pods.build/Debug-iphoneos/Pods-SonarQueProject.build/Objects-normal/arm64/Pods-SonarQueProject-dummy.o

CompileC /Users/bairdweng/Library/Developer/Xcode/DerivedData/SonarQueProject-crgtbykkjnghjrbvdlhkhypwwzom/Build/Intermediates.noindex/Pods.build/Debug-iphoneos/Pods-SonarQueProject.build/Objects-normal/arm64/Pods_SonarQueProject_vers.o /Users/bairdweng/Library/Developer/Xcode/DerivedData/SonarQueProject-crgtbykkjnghjrbvdlhkhypwwzom/Build/Intermediates.noindex/Pods.build/Debug-iphoneos/Pods-SonarQueProject.build/DerivedSources/Pods_SonarQueProject_vers.c normal arm64 c com.apple.compilers.llvm.clang.1_0.compiler (in target 'Pods-SonarQueProject' from project 'Pods')
    cd /Users/bairdweng/Desktop/SonarQueProject/Pods
    export LANG\=en_US.US-ASCII
    /Applications/Xcode.app/Contents/Developer/Toolchains/XcodeDefault.xctoolchain/usr/bin/clang -x c -target arm64-apple-ios15.2 -fmessage-length\=0 -fdiagnostics-show-note-include-stack -fmacro-backtrace-limit\=0 -std\=gnu11 -fmodules -gmodules -fmodules-cache-path\=/Users/bairdweng/Library/Developer/Xcode/DerivedData/ModuleCache.noindex -fmodules-prune-interval\=86400 -fmodules-prune-after\=345600 -fbuild-session-file\=/Users/bairdweng/Library/Developer/Xcode/DerivedData/ModuleCache.noindex/Session.modulevalidation -fmodules-validate-once-per-build-session -Wnon-modular-include-in-framework-module -Werror\=non-modular-include-in-framework-module -fmodule-name\=Pods_SonarQueProject -Wno-trigraphs -fpascal-strings -O0 -fno-common -Wno-missing-field-initializers -Wno-missing-prototypes -Werror\=return-type -Wdocumentation -Wunreachable-code -Werror\=deprecated-objc-isa-usage -Werror\=objc-root-class -Wno-missing-braces -Wparentheses -Wswitch -Wunused-function -Wno-unused-label -Wno-unused-parameter -Wunused-variable -Wunused-value -Wempty-body -Wuninitialized -Wconditional-uninitialized -Wno-unknown-pragmas -Wno-shadow -Wno-four-char-constants -Wno-conversion -Wconstant-conversion -Wint-conversion -Wbool-conversion -Wenum-conversion -Wno-float-conversion -Wnon-literal-null-conversion -Wobjc-literal-conversion -Wshorten-64-to-32 -Wpointer-sign -Wno-newline-eof -DPOD_CONFIGURATION_DEBUG\=1 -DDEBUG\=1 -DCOCOAPODS\=1 -isysroot /Applications/Xcode.app/Contents/Developer/Platforms/iPhoneOS.platform/Developer/SDKs/iPhoneOS15.2.sdk -fstrict-aliasing -Wdeprecated-declarations -g -Wno-sign-conversion -Winfinite-recursion -Wcomma -Wblock-capture-autoreleasing -Wstrict-prototypes -Wno-semicolon-before-method-body -Wunguarded-availability -fembed-bitcode-marker -iquote /Users/bairdweng/Library/Developer/Xcode/DerivedData/SonarQueProject-crgtbykkjnghjrbvdlhkhypwwzom/Build/Intermediates.noindex/Pods.build/Debug-iphoneos/Pods-SonarQueProject.build/Pods_SonarQueProject-generated-files.hmap -I/Users/bairdweng/Library/Developer/Xcode/DerivedData/SonarQueProject-crgtbykkjnghjrbvdlhkhypwwzom/Build/Intermediates.noindex/Pods.build/Debug-iphoneos/Pods-SonarQueProject.build/Pods_SonarQueProject-own-target-headers.hmap -I/Users/bairdweng/Library/Developer/Xcode/DerivedData/SonarQueProject-crgtbykkjnghjrbvdlhkhypwwzom/Build/Intermediates.noindex/Pods.build/Debug-iphoneos/Pods-SonarQueProject.build/Pods_SonarQueProject-all-non-framework-target-headers.hmap -ivfsoverlay /Users/bairdweng/Library/Developer/Xcode/DerivedData/SonarQueProject-crgtbykkjnghjrbvdlhkhypwwzom/Build/Intermediates.noindex/Pods.build/Debug-iphoneos/Pods-SonarQueProject.build/all-product-headers.yaml -iquote /Users/bairdweng/Library/Developer/Xcode/DerivedData/SonarQueProject-crgtbykkjnghjrbvdlhkhypwwzom/Build/Intermediates.noindex/Pods.build/Debug-iphoneos/Pods-SonarQueProject.build/Pods_SonarQueProject-project-headers.hmap -I/Users/bairdweng/Library/Developer/Xcode/DerivedData/SonarQueProject-crgtbykkjnghjrbvdlhkhypwwzom/Build/Products/Debug-iphoneos/include -I/Users/bairdweng/Library/Developer/Xcode/DerivedData/SonarQueProject-crgtbykkjnghjrbvdlhkhypwwzom/Build/Intermediates.noindex/Pods.build/Debug-iphoneos/Pods-SonarQueProject.build/DerivedSources-normal/arm64 -I/Users/bairdweng/Library/Developer/Xcode/DerivedData/SonarQueProject-crgtbykkjnghjrbvdlhkhypwwzom/Build/Intermediates.noindex/Pods.build/Debug-iphoneos/Pods-SonarQueProject.build/DerivedSources/arm64 -I/Users/bairdweng/Library/Developer/Xcode/DerivedData/SonarQueProject-crgtbykkjnghjrbvdlhkhypwwzom/Build/Intermediates.noindex/Pods.build/Debug-iphoneos/Pods-SonarQueProject.build/DerivedSources -F/Users/bairdweng/Library/Developer/Xcode/DerivedData/SonarQueProject-crgtbykkjnghjrbvdlhkhypwwzom/Build/Products/Debug-iphoneos -MMD -MT dependencies -MF /Users/bairdweng/Library/Developer/Xcode/DerivedData/SonarQueProject-crgtbykkjnghjrbvdlhkhypwwzom/Build/Intermediates.noindex/Pods.build/Debug-iphoneos/Pods-SonarQueProject.build/Objects-normal/arm64/Pods_SonarQueProject_vers.d --serialize-diagnostics /Users/bairdweng/Library/Developer/Xcode/DerivedData/SonarQueProject-crgtbykkjnghjrbvdlhkhypwwzom/Build/Intermediates.noindex/Pods.build/Debug-iphoneos/Pods-SonarQueProject.build/Objects-normal/arm64/Pods_SonarQueProject_vers.dia -c /Users/bairdweng/Library/Developer/Xcode/DerivedData/SonarQueProject-crgtbykkjnghjrbvdlhkhypwwzom/Build/Intermediates.noindex/Pods.build/Debug-iphoneos/Pods-SonarQueProject.build/DerivedSources/Pods_SonarQueProject_vers.c -o /Users/bairdweng/Library/Developer/Xcode/DerivedData/SonarQueProject-crgtbykkjnghjrbvdlhkhypwwzom/Build/Intermediates.noindex/Pods.build/Debug-iphoneos/Pods-SonarQueProject.build/Objects-normal/arm64/Pods_SonarQueProject_vers.o

ProcessProductPackaging /Users/bairdweng/Library/MobileDevice/Provisioning\ Profiles/7df328cc-e1f7-49fb-9927-e5349c27e0d3.mobileprovision /Users/bairdweng/Library/Developer/Xcode/DerivedData/SonarQueProject-crgtbykkjnghjrbvdlhkhypwwzom/Build/Products/Debug-iphoneos/SonarQueProject.app/embedded.mobileprovision (in target 'SonarQueProject' from project 'SonarQueProject')
    cd /Users/bairdweng/Desktop/SonarQueProject
    builtin-productPackagingUtility /Users/bairdweng/Library/MobileDevice/Provisioning\ Profiles/7df328cc-e1f7-49fb-9927-e5349c27e0d3.mobileprovision -o /Users/bairdweng/Library/Developer/Xcode/DerivedData/SonarQueProject-crgtbykkjnghjrbvdlhkhypwwzom/Build/Products/Debug-iphoneos/SonarQueProject.app/embedded.mobileprovision

WriteAuxiliaryFile /Users/bairdweng/Library/Developer/Xcode/DerivedData/SonarQueProject-crgtbykkjnghjrbvdlhkhypwwzom/Build/Intermediates.noindex/SonarQueProject.build/Debug-iphoneos/SonarQueProject.build/DerivedSources/Entitlements.plist (in target 'SonarQueProject' from project 'SonarQueProject')
    cd /Users/bairdweng/Desktop/SonarQueProject
    write-file /Users/bairdweng/Library/Developer/Xcode/DerivedData/SonarQueProject-crgtbykkjnghjrbvdlhkhypwwzom/Build/Intermediates.noindex/SonarQueProject.build/Debug-iphoneos/SonarQueProject.build/DerivedSources/Entitlements.plist

ProcessProductPackaging "" /Users/bairdweng/Library/Developer/Xcode/DerivedData/SonarQueProject-crgtbykkjnghjrbvdlhkhypwwzom/Build/Intermediates.noindex/SonarQueProject.build/Debug-iphoneos/SonarQueProject.build/SonarQueProject.app.xcent (in target 'SonarQueProject' from project 'SonarQueProject')
    cd /Users/bairdweng/Desktop/SonarQueProject
    
    Entitlements:
    
    {
    "application-identifier" = "6747MGQ837.Test.SonarQueProject";
    "com.apple.developer.team-identifier" = 6747MGQ837;
    "get-task-allow" = 1;
    "keychain-access-groups" =     (
        "6747MGQ837.Test.SonarQueProject"
    );
}
    
    builtin-productPackagingUtility -entitlements -format xml -o /Users/bairdweng/Library/Developer/Xcode/DerivedData/SonarQueProject-crgtbykkjnghjrbvdlhkhypwwzom/Build/Intermediates.noindex/SonarQueProject.build/Debug-iphoneos/SonarQueProject.build/SonarQueProject.app.xcent

WriteAuxiliaryFile /Users/bairdweng/Library/Developer/Xcode/DerivedData/SonarQueProject-crgtbykkjnghjrbvdlhkhypwwzom/Build/Intermediates.noindex/SonarQueProject.build/Debug-iphoneos/SonarQueProject.build/SonarQueProject.hmap (in target 'SonarQueProject' from project 'SonarQueProject')
    cd /Users/bairdweng/Desktop/SonarQueProject
    write-file /Users/bairdweng/Library/Developer/Xcode/DerivedData/SonarQueProject-crgtbykkjnghjrbvdlhkhypwwzom/Build/Intermediates.noindex/SonarQueProject.build/Debug-iphoneos/SonarQueProject.build/SonarQueProject.hmap

WriteAuxiliaryFile /Users/bairdweng/Library/Developer/Xcode/DerivedData/SonarQueProject-crgtbykkjnghjrbvdlhkhypwwzom/Build/Intermediates.noindex/SonarQueProject.build/Debug-iphoneos/SonarQueProject.build/SonarQueProject-own-target-headers.hmap (in target 'SonarQueProject' from project 'SonarQueProject')
    cd /Users/bairdweng/Desktop/SonarQueProject
    write-file /Users/bairdweng/Library/Developer/Xcode/DerivedData/SonarQueProject-crgtbykkjnghjrbvdlhkhypwwzom/Build/Intermediates.noindex/SonarQueProject.build/Debug-iphoneos/SonarQueProject.build/SonarQueProject-own-target-headers.hmap

WriteAuxiliaryFile /Users/bairdweng/Library/Developer/Xcode/DerivedData/SonarQueProject-crgtbykkjnghjrbvdlhkhypwwzom/Build/Intermediates.noindex/SonarQueProject.build/Debug-iphoneos/SonarQueProject.build/SonarQueProject-generated-files.hmap (in target 'SonarQueProject' from project 'SonarQueProject')
    cd /Users/bairdweng/Desktop/SonarQueProject
    write-file /Users/bairdweng/Library/Developer/Xcode/DerivedData/SonarQueProject-crgtbykkjnghjrbvdlhkhypwwzom/Build/Intermediates.noindex/SonarQueProject.build/Debug-iphoneos/SonarQueProject.build/SonarQueProject-generated-files.hmap

WriteAuxiliaryFile /Users/bairdweng/Library/Developer/Xcode/DerivedData/SonarQueProject-crgtbykkjnghjrbvdlhkhypwwzom/Build/Intermediates.noindex/SonarQueProject.build/Debug-iphoneos/SonarQueProject.build/SonarQueProject-all-target-headers.hmap (in target 'SonarQueProject' from project 'SonarQueProject')
    cd /Users/bairdweng/Desktop/SonarQueProject
    write-file /Users/bairdweng/Library/Developer/Xcode/DerivedData/SonarQueProject-crgtbykkjnghjrbvdlhkhypwwzom/Build/Intermediates.noindex/SonarQueProject.build/Debug-iphoneos/SonarQueProject.build/SonarQueProject-all-target-headers.hmap

WriteAuxiliaryFile /Users/bairdweng/Library/Developer/Xcode/DerivedData/SonarQueProject-crgtbykkjnghjrbvdlhkhypwwzom/Build/Intermediates.noindex/SonarQueProject.build/Debug-iphoneos/SonarQueProject.build/SonarQueProject-project-headers.hmap (in target 'SonarQueProject' from project 'SonarQueProject')
    cd /Users/bairdweng/Desktop/SonarQueProject
    write-file /Users/bairdweng/Library/Developer/Xcode/DerivedData/SonarQueProject-crgtbykkjnghjrbvdlhkhypwwzom/Build/Intermediates.noindex/SonarQueProject.build/Debug-iphoneos/SonarQueProject.build/SonarQueProject-project-headers.hmap

WriteAuxiliaryFile /Users/bairdweng/Library/Developer/Xcode/DerivedData/SonarQueProject-crgtbykkjnghjrbvdlhkhypwwzom/Build/Intermediates.noindex/SonarQueProject.build/Debug-iphoneos/SonarQueProject.build/all-product-headers.yaml (in target 'SonarQueProject' from project 'SonarQueProject')
    cd /Users/bairdweng/Desktop/SonarQueProject
    write-file /Users/bairdweng/Library/Developer/Xcode/DerivedData/SonarQueProject-crgtbykkjnghjrbvdlhkhypwwzom/Build/Intermediates.noindex/SonarQueProject.build/Debug-iphoneos/SonarQueProject.build/all-product-headers.yaml

WriteAuxiliaryFile /Users/bairdweng/Library/Developer/Xcode/DerivedData/SonarQueProject-crgtbykkjnghjrbvdlhkhypwwzom/Build/Intermediates.noindex/SonarQueProject.build/Debug-iphoneos/SonarQueProject.build/SonarQueProject-all-non-framework-target-headers.hmap (in target 'SonarQueProject' from project 'SonarQueProject')
    cd /Users/bairdweng/Desktop/SonarQueProject
    write-file /Users/bairdweng/Library/Developer/Xcode/DerivedData/SonarQueProject-crgtbykkjnghjrbvdlhkhypwwzom/Build/Intermediates.noindex/SonarQueProject.build/Debug-iphoneos/SonarQueProject.build/SonarQueProject-all-non-framework-target-headers.hmap

Libtool /Users/bairdweng/Library/Developer/Xcode/DerivedData/SonarQueProject-crgtbykkjnghjrbvdlhkhypwwzom/Build/Products/Debug-iphoneos/Pods_SonarQueProject.framework/Pods_SonarQueProject normal (in target 'Pods-SonarQueProject' from project 'Pods')
    cd /Users/bairdweng/Desktop/SonarQueProject/Pods
    export IPHONEOS_DEPLOYMENT_TARGET\=15.2
    /Applications/Xcode.app/Contents/Developer/Toolchains/XcodeDefault.xctoolchain/usr/bin/libtool -static -arch_only arm64 -D -syslibroot /Applications/Xcode.app/Contents/Developer/Platforms/iPhoneOS.platform/Developer/SDKs/iPhoneOS15.2.sdk -L/Users/bairdweng/Library/Developer/Xcode/DerivedData/SonarQueProject-crgtbykkjnghjrbvdlhkhypwwzom/Build/Products/Debug-iphoneos -filelist /Users/bairdweng/Library/Developer/Xcode/DerivedData/SonarQueProject-crgtbykkjnghjrbvdlhkhypwwzom/Build/Intermediates.noindex/Pods.build/Debug-iphoneos/Pods-SonarQueProject.build/Objects-normal/arm64/Pods_SonarQueProject.LinkFileList -framework Foundation -dependency_info /Users/bairdweng/Library/Developer/Xcode/DerivedData/SonarQueProject-crgtbykkjnghjrbvdlhkhypwwzom/Build/Intermediates.noindex/Pods.build/Debug-iphoneos/Pods-SonarQueProject.build/Objects-normal/arm64/Pods_SonarQueProject_libtool_dependency_info.dat -o /Users/bairdweng/Library/Developer/Xcode/DerivedData/SonarQueProject-crgtbykkjnghjrbvdlhkhypwwzom/Build/Products/Debug-iphoneos/Pods_SonarQueProject.framework/Pods_SonarQueProject

RegisterExecutionPolicyException /Users/bairdweng/Library/Developer/Xcode/DerivedData/SonarQueProject-crgtbykkjnghjrbvdlhkhypwwzom/Build/Products/Debug-iphoneos/Pods_SonarQueProject.framework (in target 'Pods-SonarQueProject' from project 'Pods')
    cd /Users/bairdweng/Desktop/SonarQueProject/Pods
    builtin-RegisterExecutionPolicyException /Users/bairdweng/Library/Developer/Xcode/DerivedData/SonarQueProject-crgtbykkjnghjrbvdlhkhypwwzom/Build/Products/Debug-iphoneos/Pods_SonarQueProject.framework

Touch /Users/bairdweng/Library/Developer/Xcode/DerivedData/SonarQueProject-crgtbykkjnghjrbvdlhkhypwwzom/Build/Products/Debug-iphoneos/Pods_SonarQueProject.framework (in target 'Pods-SonarQueProject' from project 'Pods')
    cd /Users/bairdweng/Desktop/SonarQueProject/Pods
    /usr/bin/touch -c /Users/bairdweng/Library/Developer/Xcode/DerivedData/SonarQueProject-crgtbykkjnghjrbvdlhkhypwwzom/Build/Products/Debug-iphoneos/Pods_SonarQueProject.framework

WriteAuxiliaryFile /Users/bairdweng/Library/Developer/Xcode/DerivedData/SonarQueProject-crgtbykkjnghjrbvdlhkhypwwzom/Build/Intermediates.noindex/SonarQueProject.build/Debug-iphoneos/SonarQueProject.build/Script-C720E27B94434A92C735CF22.sh (in target 'SonarQueProject' from project 'SonarQueProject')
    cd /Users/bairdweng/Desktop/SonarQueProject
    write-file /Users/bairdweng/Library/Developer/Xcode/DerivedData/SonarQueProject-crgtbykkjnghjrbvdlhkhypwwzom/Build/Intermediates.noindex/SonarQueProject.build/Debug-iphoneos/SonarQueProject.build/Script-C720E27B94434A92C735CF22.sh

PhaseScriptExecution [CP]\ Check\ Pods\ Manifest.lock /Users/bairdweng/Library/Developer/Xcode/DerivedData/SonarQueProject-crgtbykkjnghjrbvdlhkhypwwzom/Build/Intermediates.noindex/SonarQueProject.build/Debug-iphoneos/SonarQueProject.build/Script-C720E27B94434A92C735CF22.sh (in target 'SonarQueProject' from project 'SonarQueProject')
    cd /Users/bairdweng/Desktop/SonarQueProject
    /bin/sh -c /Users/bairdweng/Library/Developer/Xcode/DerivedData/SonarQueProject-crgtbykkjnghjrbvdlhkhypwwzom/Build/Intermediates.noindex/SonarQueProject.build/Debug-iphoneos/SonarQueProject.build/Script-C720E27B94434A92C735CF22.sh

CompileC /Users/bairdweng/Library/Developer/Xcode/DerivedData/SonarQueProject-crgtbykkjnghjrbvdlhkhypwwzom/Build/Intermediates.noindex/SonarQueProject.build/Debug-iphoneos/SonarQueProject.build/Objects-normal/arm64/main.o /Users/bairdweng/Desktop/SonarQueProject/SonarQueProject/main.m normal arm64 objective-c com.apple.compilers.llvm.clang.1_0.compiler (in target 'SonarQueProject' from project 'SonarQueProject')
    cd /Users/bairdweng/Desktop/SonarQueProject
    export LANG\=en_US.US-ASCII
    /Applications/Xcode.app/Contents/Developer/Toolchains/XcodeDefault.xctoolchain/usr/bin/clang -x objective-c -target arm64-apple-ios15.2 -fmessage-length\=0 -fdiagnostics-show-note-include-stack -fmacro-backtrace-limit\=0 -std\=gnu11 -fobjc-arc -fobjc-weak -fmodules -gmodules -fmodules-cache-path\=/Users/bairdweng/Library/Developer/Xcode/DerivedData/ModuleCache.noindex -fmodules-prune-interval\=86400 -fmodules-prune-after\=345600 -fbuild-session-file\=/Users/bairdweng/Library/Developer/Xcode/DerivedData/ModuleCache.noindex/Session.modulevalidation -fmodules-validate-once-per-build-session -Wnon-modular-include-in-framework-module -Werror\=non-modular-include-in-framework-module -Wno-trigraphs -fpascal-strings -O0 -fno-common -Wno-missing-field-initializers -Wno-missing-prototypes -Werror\=return-type -Wdocumentation -Wunreachable-code -Wno-implicit-atomic-properties -Werror\=deprecated-objc-isa-usage -Wno-objc-interface-ivars -Werror\=objc-root-class -Wno-arc-repeated-use-of-weak -Wimplicit-retain-self -Wduplicate-method-match -Wno-missing-braces -Wparentheses -Wswitch -Wunused-function -Wno-unused-label -Wno-unused-parameter -Wunused-variable -Wunused-value -Wempty-body -Wuninitialized -Wconditional-uninitialized -Wno-unknown-pragmas -Wno-shadow -Wno-four-char-constants -Wno-conversion -Wconstant-conversion -Wint-conversion -Wbool-conversion -Wenum-conversion -Wno-float-conversion -Wnon-literal-null-conversion -Wobjc-literal-conversion -Wshorten-64-to-32 -Wpointer-sign -Wno-newline-eof -Wno-selector -Wno-strict-selector-match -Wundeclared-selector -Wdeprecated-implementations -DDEBUG\=1 -DCOCOAPODS\=1 -DOBJC_OLD_DISPATCH_PROTOTYPES\=0 -isysroot /Applications/Xcode.app/Contents/Developer/Platforms/iPhoneOS.platform/Developer/SDKs/iPhoneOS15.2.sdk -fstrict-aliasing -Wprotocol -Wdeprecated-declarations -g -Wno-sign-conversion -Winfinite-recursion -Wcomma -Wblock-capture-autoreleasing -Wstrict-prototypes -Wno-semicolon-before-method-body -Wunguarded-availability -fembed-bitcode-marker -iquote /Users/bairdweng/Library/Developer/Xcode/DerivedData/SonarQueProject-crgtbykkjnghjrbvdlhkhypwwzom/Build/Intermediates.noindex/SonarQueProject.build/Debug-iphoneos/SonarQueProject.build/SonarQueProject-generated-files.hmap -I/Users/bairdweng/Library/Developer/Xcode/DerivedData/SonarQueProject-crgtbykkjnghjrbvdlhkhypwwzom/Build/Intermediates.noindex/SonarQueProject.build/Debug-iphoneos/SonarQueProject.build/SonarQueProject-own-target-headers.hmap -I/Users/bairdweng/Library/Developer/Xcode/DerivedData/SonarQueProject-crgtbykkjnghjrbvdlhkhypwwzom/Build/Intermediates.noindex/SonarQueProject.build/Debug-iphoneos/SonarQueProject.build/SonarQueProject-all-non-framework-target-headers.hmap -ivfsoverlay /Users/bairdweng/Library/Developer/Xcode/DerivedData/SonarQueProject-crgtbykkjnghjrbvdlhkhypwwzom/Build/Intermediates.noindex/SonarQueProject.build/Debug-iphoneos/SonarQueProject.build/all-product-headers.yaml -iquote /Users/bairdweng/Library/Developer/Xcode/DerivedData/SonarQueProject-crgtbykkjnghjrbvdlhkhypwwzom/Build/Intermediates.noindex/SonarQueProject.build/Debug-iphoneos/SonarQueProject.build/SonarQueProject-project-headers.hmap -I/Users/bairdweng/Library/Developer/Xcode/DerivedData/SonarQueProject-crgtbykkjnghjrbvdlhkhypwwzom/Build/Products/Debug-iphoneos/include -I/Users/bairdweng/Library/Developer/Xcode/DerivedData/SonarQueProject-crgtbykkjnghjrbvdlhkhypwwzom/Build/Intermediates.noindex/SonarQueProject.build/Debug-iphoneos/SonarQueProject.build/DerivedSources-normal/arm64 -I/Users/bairdweng/Library/Developer/Xcode/DerivedData/SonarQueProject-crgtbykkjnghjrbvdlhkhypwwzom/Build/Intermediates.noindex/SonarQueProject.build/Debug-iphoneos/SonarQueProject.build/DerivedSources/arm64 -I/Users/bairdweng/Library/Developer/Xcode/DerivedData/SonarQueProject-crgtbykkjnghjrbvdlhkhypwwzom/Build/Intermediates.noindex/SonarQueProject.build/Debug-iphoneos/SonarQueProject.build/DerivedSources -F/Users/bairdweng/Library/Developer/Xcode/DerivedData/SonarQueProject-crgtbykkjnghjrbvdlhkhypwwzom/Build/Products/Debug-iphoneos -MMD -MT dependencies -MF /Users/bairdweng/Library/Developer/Xcode/DerivedData/SonarQueProject-crgtbykkjnghjrbvdlhkhypwwzom/Build/Intermediates.noindex/SonarQueProject.build/Debug-iphoneos/SonarQueProject.build/Objects-normal/arm64/main.d --serialize-diagnostics /Users/bairdweng/Library/Developer/Xcode/DerivedData/SonarQueProject-crgtbykkjnghjrbvdlhkhypwwzom/Build/Intermediates.noindex/SonarQueProject.build/Debug-iphoneos/SonarQueProject.build/Objects-normal/arm64/main.dia -c /Users/bairdweng/Desktop/SonarQueProject/SonarQueProject/main.m -o /Users/bairdweng/Library/Developer/Xcode/DerivedData/SonarQueProject-crgtbykkjnghjrbvdlhkhypwwzom/Build/Intermediates.noindex/SonarQueProject.build/Debug-iphoneos/SonarQueProject.build/Objects-normal/arm64/main.o

WriteAuxiliaryFile /Users/bairdweng/Library/Developer/Xcode/DerivedData/SonarQueProject-crgtbykkjnghjrbvdlhkhypwwzom/Build/Intermediates.noindex/SonarQueProject.build/Debug-iphoneos/SonarQueProject.build/Objects-normal/arm64/SonarQueProject.LinkFileList (in target 'SonarQueProject' from project 'SonarQueProject')
    cd /Users/bairdweng/Desktop/SonarQueProject
    write-file /Users/bairdweng/Library/Developer/Xcode/DerivedData/SonarQueProject-crgtbykkjnghjrbvdlhkhypwwzom/Build/Intermediates.noindex/SonarQueProject.build/Debug-iphoneos/SonarQueProject.build/Objects-normal/arm64/SonarQueProject.LinkFileList

CompileC /Users/bairdweng/Library/Developer/Xcode/DerivedData/SonarQueProject-crgtbykkjnghjrbvdlhkhypwwzom/Build/Intermediates.noindex/SonarQueProject.build/Debug-iphoneos/SonarQueProject.build/Objects-normal/arm64/AppDelegate.o /Users/bairdweng/Desktop/SonarQueProject/SonarQueProject/AppDelegate.m normal arm64 objective-c com.apple.compilers.llvm.clang.1_0.compiler (in target 'SonarQueProject' from project 'SonarQueProject')
    cd /Users/bairdweng/Desktop/SonarQueProject
    export LANG\=en_US.US-ASCII
    /Applications/Xcode.app/Contents/Developer/Toolchains/XcodeDefault.xctoolchain/usr/bin/clang -x objective-c -target arm64-apple-ios15.2 -fmessage-length\=0 -fdiagnostics-show-note-include-stack -fmacro-backtrace-limit\=0 -std\=gnu11 -fobjc-arc -fobjc-weak -fmodules -gmodules -fmodules-cache-path\=/Users/bairdweng/Library/Developer/Xcode/DerivedData/ModuleCache.noindex -fmodules-prune-interval\=86400 -fmodules-prune-after\=345600 -fbuild-session-file\=/Users/bairdweng/Library/Developer/Xcode/DerivedData/ModuleCache.noindex/Session.modulevalidation -fmodules-validate-once-per-build-session -Wnon-modular-include-in-framework-module -Werror\=non-modular-include-in-framework-module -Wno-trigraphs -fpascal-strings -O0 -fno-common -Wno-missing-field-initializers -Wno-missing-prototypes -Werror\=return-type -Wdocumentation -Wunreachable-code -Wno-implicit-atomic-properties -Werror\=deprecated-objc-isa-usage -Wno-objc-interface-ivars -Werror\=objc-root-class -Wno-arc-repeated-use-of-weak -Wimplicit-retain-self -Wduplicate-method-match -Wno-missing-braces -Wparentheses -Wswitch -Wunused-function -Wno-unused-label -Wno-unused-parameter -Wunused-variable -Wunused-value -Wempty-body -Wuninitialized -Wconditional-uninitialized -Wno-unknown-pragmas -Wno-shadow -Wno-four-char-constants -Wno-conversion -Wconstant-conversion -Wint-conversion -Wbool-conversion -Wenum-conversion -Wno-float-conversion -Wnon-literal-null-conversion -Wobjc-literal-conversion -Wshorten-64-to-32 -Wpointer-sign -Wno-newline-eof -Wno-selector -Wno-strict-selector-match -Wundeclared-selector -Wdeprecated-implementations -DDEBUG\=1 -DCOCOAPODS\=1 -DOBJC_OLD_DISPATCH_PROTOTYPES\=0 -isysroot /Applications/Xcode.app/Contents/Developer/Platforms/iPhoneOS.platform/Developer/SDKs/iPhoneOS15.2.sdk -fstrict-aliasing -Wprotocol -Wdeprecated-declarations -g -Wno-sign-conversion -Winfinite-recursion -Wcomma -Wblock-capture-autoreleasing -Wstrict-prototypes -Wno-semicolon-before-method-body -Wunguarded-availability -fembed-bitcode-marker -iquote /Users/bairdweng/Library/Developer/Xcode/DerivedData/SonarQueProject-crgtbykkjnghjrbvdlhkhypwwzom/Build/Intermediates.noindex/SonarQueProject.build/Debug-iphoneos/SonarQueProject.build/SonarQueProject-generated-files.hmap -I/Users/bairdweng/Library/Developer/Xcode/DerivedData/SonarQueProject-crgtbykkjnghjrbvdlhkhypwwzom/Build/Intermediates.noindex/SonarQueProject.build/Debug-iphoneos/SonarQueProject.build/SonarQueProject-own-target-headers.hmap -I/Users/bairdweng/Library/Developer/Xcode/DerivedData/SonarQueProject-crgtbykkjnghjrbvdlhkhypwwzom/Build/Intermediates.noindex/SonarQueProject.build/Debug-iphoneos/SonarQueProject.build/SonarQueProject-all-non-framework-target-headers.hmap -ivfsoverlay /Users/bairdweng/Library/Developer/Xcode/DerivedData/SonarQueProject-crgtbykkjnghjrbvdlhkhypwwzom/Build/Intermediates.noindex/SonarQueProject.build/Debug-iphoneos/SonarQueProject.build/all-product-headers.yaml -iquote /Users/bairdweng/Library/Developer/Xcode/DerivedData/SonarQueProject-crgtbykkjnghjrbvdlhkhypwwzom/Build/Intermediates.noindex/SonarQueProject.build/Debug-iphoneos/SonarQueProject.build/SonarQueProject-project-headers.hmap -I/Users/bairdweng/Library/Developer/Xcode/DerivedData/SonarQueProject-crgtbykkjnghjrbvdlhkhypwwzom/Build/Products/Debug-iphoneos/include -I/Users/bairdweng/Library/Developer/Xcode/DerivedData/SonarQueProject-crgtbykkjnghjrbvdlhkhypwwzom/Build/Intermediates.noindex/SonarQueProject.build/Debug-iphoneos/SonarQueProject.build/DerivedSources-normal/arm64 -I/Users/bairdweng/Library/Developer/Xcode/DerivedData/SonarQueProject-crgtbykkjnghjrbvdlhkhypwwzom/Build/Intermediates.noindex/SonarQueProject.build/Debug-iphoneos/SonarQueProject.build/DerivedSources/arm64 -I/Users/bairdweng/Library/Developer/Xcode/DerivedData/SonarQueProject-crgtbykkjnghjrbvdlhkhypwwzom/Build/Intermediates.noindex/SonarQueProject.build/Debug-iphoneos/SonarQueProject.build/DerivedSources -F/Users/bairdweng/Library/Developer/Xcode/DerivedData/SonarQueProject-crgtbykkjnghjrbvdlhkhypwwzom/Build/Products/Debug-iphoneos -MMD -MT dependencies -MF /Users/bairdweng/Library/Developer/Xcode/DerivedData/SonarQueProject-crgtbykkjnghjrbvdlhkhypwwzom/Build/Intermediates.noindex/SonarQueProject.build/Debug-iphoneos/SonarQueProject.build/Objects-normal/arm64/AppDelegate.d --serialize-diagnostics /Users/bairdweng/Library/Developer/Xcode/DerivedData/SonarQueProject-crgtbykkjnghjrbvdlhkhypwwzom/Build/Intermediates.noindex/SonarQueProject.build/Debug-iphoneos/SonarQueProject.build/Objects-normal/arm64/AppDelegate.dia -c /Users/bairdweng/Desktop/SonarQueProject/SonarQueProject/AppDelegate.m -o /Users/bairdweng/Library/Developer/Xcode/DerivedData/SonarQueProject-crgtbykkjnghjrbvdlhkhypwwzom/Build/Intermediates.noindex/SonarQueProject.build/Debug-iphoneos/SonarQueProject.build/Objects-normal/arm64/AppDelegate.o

CompileC /Users/bairdweng/Library/Developer/Xcode/DerivedData/SonarQueProject-crgtbykkjnghjrbvdlhkhypwwzom/Build/Intermediates.noindex/SonarQueProject.build/Debug-iphoneos/SonarQueProject.build/Objects-normal/arm64/SceneDelegate.o /Users/bairdweng/Desktop/SonarQueProject/SonarQueProject/SceneDelegate.m normal arm64 objective-c com.apple.compilers.llvm.clang.1_0.compiler (in target 'SonarQueProject' from project 'SonarQueProject')
    cd /Users/bairdweng/Desktop/SonarQueProject
    export LANG\=en_US.US-ASCII
    /Applications/Xcode.app/Contents/Developer/Toolchains/XcodeDefault.xctoolchain/usr/bin/clang -x objective-c -target arm64-apple-ios15.2 -fmessage-length\=0 -fdiagnostics-show-note-include-stack -fmacro-backtrace-limit\=0 -std\=gnu11 -fobjc-arc -fobjc-weak -fmodules -gmodules -fmodules-cache-path\=/Users/bairdweng/Library/Developer/Xcode/DerivedData/ModuleCache.noindex -fmodules-prune-interval\=86400 -fmodules-prune-after\=345600 -fbuild-session-file\=/Users/bairdweng/Library/Developer/Xcode/DerivedData/ModuleCache.noindex/Session.modulevalidation -fmodules-validate-once-per-build-session -Wnon-modular-include-in-framework-module -Werror\=non-modular-include-in-framework-module -Wno-trigraphs -fpascal-strings -O0 -fno-common -Wno-missing-field-initializers -Wno-missing-prototypes -Werror\=return-type -Wdocumentation -Wunreachable-code -Wno-implicit-atomic-properties -Werror\=deprecated-objc-isa-usage -Wno-objc-interface-ivars -Werror\=objc-root-class -Wno-arc-repeated-use-of-weak -Wimplicit-retain-self -Wduplicate-method-match -Wno-missing-braces -Wparentheses -Wswitch -Wunused-function -Wno-unused-label -Wno-unused-parameter -Wunused-variable -Wunused-value -Wempty-body -Wuninitialized -Wconditional-uninitialized -Wno-unknown-pragmas -Wno-shadow -Wno-four-char-constants -Wno-conversion -Wconstant-conversion -Wint-conversion -Wbool-conversion -Wenum-conversion -Wno-float-conversion -Wnon-literal-null-conversion -Wobjc-literal-conversion -Wshorten-64-to-32 -Wpointer-sign -Wno-newline-eof -Wno-selector -Wno-strict-selector-match -Wundeclared-selector -Wdeprecated-implementations -DDEBUG\=1 -DCOCOAPODS\=1 -DOBJC_OLD_DISPATCH_PROTOTYPES\=0 -isysroot /Applications/Xcode.app/Contents/Developer/Platforms/iPhoneOS.platform/Developer/SDKs/iPhoneOS15.2.sdk -fstrict-aliasing -Wprotocol -Wdeprecated-declarations -g -Wno-sign-conversion -Winfinite-recursion -Wcomma -Wblock-capture-autoreleasing -Wstrict-prototypes -Wno-semicolon-before-method-body -Wunguarded-availability -fembed-bitcode-marker -iquote /Users/bairdweng/Library/Developer/Xcode/DerivedData/SonarQueProject-crgtbykkjnghjrbvdlhkhypwwzom/Build/Intermediates.noindex/SonarQueProject.build/Debug-iphoneos/SonarQueProject.build/SonarQueProject-generated-files.hmap -I/Users/bairdweng/Library/Developer/Xcode/DerivedData/SonarQueProject-crgtbykkjnghjrbvdlhkhypwwzom/Build/Intermediates.noindex/SonarQueProject.build/Debug-iphoneos/SonarQueProject.build/SonarQueProject-own-target-headers.hmap -I/Users/bairdweng/Library/Developer/Xcode/DerivedData/SonarQueProject-crgtbykkjnghjrbvdlhkhypwwzom/Build/Intermediates.noindex/SonarQueProject.build/Debug-iphoneos/SonarQueProject.build/SonarQueProject-all-non-framework-target-headers.hmap -ivfsoverlay /Users/bairdweng/Library/Developer/Xcode/DerivedData/SonarQueProject-crgtbykkjnghjrbvdlhkhypwwzom/Build/Intermediates.noindex/SonarQueProject.build/Debug-iphoneos/SonarQueProject.build/all-product-headers.yaml -iquote /Users/bairdweng/Library/Developer/Xcode/DerivedData/SonarQueProject-crgtbykkjnghjrbvdlhkhypwwzom/Build/Intermediates.noindex/SonarQueProject.build/Debug-iphoneos/SonarQueProject.build/SonarQueProject-project-headers.hmap -I/Users/bairdweng/Library/Developer/Xcode/DerivedData/SonarQueProject-crgtbykkjnghjrbvdlhkhypwwzom/Build/Products/Debug-iphoneos/include -I/Users/bairdweng/Library/Developer/Xcode/DerivedData/SonarQueProject-crgtbykkjnghjrbvdlhkhypwwzom/Build/Intermediates.noindex/SonarQueProject.build/Debug-iphoneos/SonarQueProject.build/DerivedSources-normal/arm64 -I/Users/bairdweng/Library/Developer/Xcode/DerivedData/SonarQueProject-crgtbykkjnghjrbvdlhkhypwwzom/Build/Intermediates.noindex/SonarQueProject.build/Debug-iphoneos/SonarQueProject.build/DerivedSources/arm64 -I/Users/bairdweng/Library/Developer/Xcode/DerivedData/SonarQueProject-crgtbykkjnghjrbvdlhkhypwwzom/Build/Intermediates.noindex/SonarQueProject.build/Debug-iphoneos/SonarQueProject.build/DerivedSources -F/Users/bairdweng/Library/Developer/Xcode/DerivedData/SonarQueProject-crgtbykkjnghjrbvdlhkhypwwzom/Build/Products/Debug-iphoneos -MMD -MT dependencies -MF /Users/bairdweng/Library/Developer/Xcode/DerivedData/SonarQueProject-crgtbykkjnghjrbvdlhkhypwwzom/Build/Intermediates.noindex/SonarQueProject.build/Debug-iphoneos/SonarQueProject.build/Objects-normal/arm64/SceneDelegate.d --serialize-diagnostics /Users/bairdweng/Library/Developer/Xcode/DerivedData/SonarQueProject-crgtbykkjnghjrbvdlhkhypwwzom/Build/Intermediates.noindex/SonarQueProject.build/Debug-iphoneos/SonarQueProject.build/Objects-normal/arm64/SceneDelegate.dia -c /Users/bairdweng/Desktop/SonarQueProject/SonarQueProject/SceneDelegate.m -o /Users/bairdweng/Library/Developer/Xcode/DerivedData/SonarQueProject-crgtbykkjnghjrbvdlhkhypwwzom/Build/Intermediates.noindex/SonarQueProject.build/Debug-iphoneos/SonarQueProject.build/Objects-normal/arm64/SceneDelegate.o

CompileC /Users/bairdweng/Library/Developer/Xcode/DerivedData/SonarQueProject-crgtbykkjnghjrbvdlhkhypwwzom/Build/Intermediates.noindex/SonarQueProject.build/Debug-iphoneos/SonarQueProject.build/Objects-normal/arm64/ViewController.o /Users/bairdweng/Desktop/SonarQueProject/SonarQueProject/ViewController.m normal arm64 objective-c com.apple.compilers.llvm.clang.1_0.compiler (in target 'SonarQueProject' from project 'SonarQueProject')
    cd /Users/bairdweng/Desktop/SonarQueProject
    export LANG\=en_US.US-ASCII
    /Applications/Xcode.app/Contents/Developer/Toolchains/XcodeDefault.xctoolchain/usr/bin/clang -x objective-c -target arm64-apple-ios15.2 -fmessage-length\=0 -fdiagnostics-show-note-include-stack -fmacro-backtrace-limit\=0 -std\=gnu11 -fobjc-arc -fobjc-weak -fmodules -gmodules -fmodules-cache-path\=/Users/bairdweng/Library/Developer/Xcode/DerivedData/ModuleCache.noindex -fmodules-prune-interval\=86400 -fmodules-prune-after\=345600 -fbuild-session-file\=/Users/bairdweng/Library/Developer/Xcode/DerivedData/ModuleCache.noindex/Session.modulevalidation -fmodules-validate-once-per-build-session -Wnon-modular-include-in-framework-module -Werror\=non-modular-include-in-framework-module -Wno-trigraphs -fpascal-strings -O0 -fno-common -Wno-missing-field-initializers -Wno-missing-prototypes -Werror\=return-type -Wdocumentation -Wunreachable-code -Wno-implicit-atomic-properties -Werror\=deprecated-objc-isa-usage -Wno-objc-interface-ivars -Werror\=objc-root-class -Wno-arc-repeated-use-of-weak -Wimplicit-retain-self -Wduplicate-method-match -Wno-missing-braces -Wparentheses -Wswitch -Wunused-function -Wno-unused-label -Wno-unused-parameter -Wunused-variable -Wunused-value -Wempty-body -Wuninitialized -Wconditional-uninitialized -Wno-unknown-pragmas -Wno-shadow -Wno-four-char-constants -Wno-conversion -Wconstant-conversion -Wint-conversion -Wbool-conversion -Wenum-conversion -Wno-float-conversion -Wnon-literal-null-conversion -Wobjc-literal-conversion -Wshorten-64-to-32 -Wpointer-sign -Wno-newline-eof -Wno-selector -Wno-strict-selector-match -Wundeclared-selector -Wdeprecated-implementations -DDEBUG\=1 -DCOCOAPODS\=1 -DOBJC_OLD_DISPATCH_PROTOTYPES\=0 -isysroot /Applications/Xcode.app/Contents/Developer/Platforms/iPhoneOS.platform/Developer/SDKs/iPhoneOS15.2.sdk -fstrict-aliasing -Wprotocol -Wdeprecated-declarations -g -Wno-sign-conversion -Winfinite-recursion -Wcomma -Wblock-capture-autoreleasing -Wstrict-prototypes -Wno-semicolon-before-method-body -Wunguarded-availability -fembed-bitcode-marker -iquote /Users/bairdweng/Library/Developer/Xcode/DerivedData/SonarQueProject-crgtbykkjnghjrbvdlhkhypwwzom/Build/Intermediates.noindex/SonarQueProject.build/Debug-iphoneos/SonarQueProject.build/SonarQueProject-generated-files.hmap -I/Users/bairdweng/Library/Developer/Xcode/DerivedData/SonarQueProject-crgtbykkjnghjrbvdlhkhypwwzom/Build/Intermediates.noindex/SonarQueProject.build/Debug-iphoneos/SonarQueProject.build/SonarQueProject-own-target-headers.hmap -I/Users/bairdweng/Library/Developer/Xcode/DerivedData/SonarQueProject-crgtbykkjnghjrbvdlhkhypwwzom/Build/Intermediates.noindex/SonarQueProject.build/Debug-iphoneos/SonarQueProject.build/SonarQueProject-all-non-framework-target-headers.hmap -ivfsoverlay /Users/bairdweng/Library/Developer/Xcode/DerivedData/SonarQueProject-crgtbykkjnghjrbvdlhkhypwwzom/Build/Intermediates.noindex/SonarQueProject.build/Debug-iphoneos/SonarQueProject.build/all-product-headers.yaml -iquote /Users/bairdweng/Library/Developer/Xcode/DerivedData/SonarQueProject-crgtbykkjnghjrbvdlhkhypwwzom/Build/Intermediates.noindex/SonarQueProject.build/Debug-iphoneos/SonarQueProject.build/SonarQueProject-project-headers.hmap -I/Users/bairdweng/Library/Developer/Xcode/DerivedData/SonarQueProject-crgtbykkjnghjrbvdlhkhypwwzom/Build/Products/Debug-iphoneos/include -I/Users/bairdweng/Library/Developer/Xcode/DerivedData/SonarQueProject-crgtbykkjnghjrbvdlhkhypwwzom/Build/Intermediates.noindex/SonarQueProject.build/Debug-iphoneos/SonarQueProject.build/DerivedSources-normal/arm64 -I/Users/bairdweng/Library/Developer/Xcode/DerivedData/SonarQueProject-crgtbykkjnghjrbvdlhkhypwwzom/Build/Intermediates.noindex/SonarQueProject.build/Debug-iphoneos/SonarQueProject.build/DerivedSources/arm64 -I/Users/bairdweng/Library/Developer/Xcode/DerivedData/SonarQueProject-crgtbykkjnghjrbvdlhkhypwwzom/Build/Intermediates.noindex/SonarQueProject.build/Debug-iphoneos/SonarQueProject.build/DerivedSources -F/Users/bairdweng/Library/Developer/Xcode/DerivedData/SonarQueProject-crgtbykkjnghjrbvdlhkhypwwzom/Build/Products/Debug-iphoneos -MMD -MT dependencies -MF /Users/bairdweng/Library/Developer/Xcode/DerivedData/SonarQueProject-crgtbykkjnghjrbvdlhkhypwwzom/Build/Intermediates.noindex/SonarQueProject.build/Debug-iphoneos/SonarQueProject.build/Objects-normal/arm64/ViewController.d --serialize-diagnostics /Users/bairdweng/Library/Developer/Xcode/DerivedData/SonarQueProject-crgtbykkjnghjrbvdlhkhypwwzom/Build/Intermediates.noindex/SonarQueProject.build/Debug-iphoneos/SonarQueProject.build/Objects-normal/arm64/ViewController.dia -c /Users/bairdweng/Desktop/SonarQueProject/SonarQueProject/ViewController.m -o /Users/bairdweng/Library/Developer/Xcode/DerivedData/SonarQueProject-crgtbykkjnghjrbvdlhkhypwwzom/Build/Intermediates.noindex/SonarQueProject.build/Debug-iphoneos/SonarQueProject.build/Objects-normal/arm64/ViewController.o
/Users/bairdweng/Desktop/SonarQueProject/SonarQueProject/ViewController.m:18:15: warning: unused variable 'aa' [-Wunused-variable]
    NSString *aa = @"12313";
              ^
/Users/bairdweng/Desktop/SonarQueProject/SonarQueProject/ViewController.m:19:9: warning: unused variable 'a' [-Wunused-variable]
    int a = 10/0;
        ^
/Users/bairdweng/Desktop/SonarQueProject/SonarQueProject/ViewController.m:22:15: warning: unused variable 'a3' [-Wunused-variable]
    NSString *a3 = dat[223];
              ^
/Users/bairdweng/Desktop/SonarQueProject/SonarQueProject/ViewController.m:19:15: warning: division by zero is undefined [-Wdivision-by-zero]
    int a = 10/0;
              ^~
4 warnings generated.

Ld /Users/bairdweng/Library/Developer/Xcode/DerivedData/SonarQueProject-crgtbykkjnghjrbvdlhkhypwwzom/Build/Products/Debug-iphoneos/SonarQueProject.app/SonarQueProject normal (in target 'SonarQueProject' from project 'SonarQueProject')
    cd /Users/bairdweng/Desktop/SonarQueProject
    /Applications/Xcode.app/Contents/Developer/Toolchains/XcodeDefault.xctoolchain/usr/bin/clang -target arm64-apple-ios15.2 -isysroot /Applications/Xcode.app/Contents/Developer/Platforms/iPhoneOS.platform/Developer/SDKs/iPhoneOS15.2.sdk -L/Users/bairdweng/Library/Developer/Xcode/DerivedData/SonarQueProject-crgtbykkjnghjrbvdlhkhypwwzom/Build/Products/Debug-iphoneos -F/Users/bairdweng/Library/Developer/Xcode/DerivedData/SonarQueProject-crgtbykkjnghjrbvdlhkhypwwzom/Build/Products/Debug-iphoneos -filelist /Users/bairdweng/Library/Developer/Xcode/DerivedData/SonarQueProject-crgtbykkjnghjrbvdlhkhypwwzom/Build/Intermediates.noindex/SonarQueProject.build/Debug-iphoneos/SonarQueProject.build/Objects-normal/arm64/SonarQueProject.LinkFileList -Xlinker -rpath -Xlinker @executable_path/Frameworks -dead_strip -Xlinker -object_path_lto -Xlinker /Users/bairdweng/Library/Developer/Xcode/DerivedData/SonarQueProject-crgtbykkjnghjrbvdlhkhypwwzom/Build/Intermediates.noindex/SonarQueProject.build/Debug-iphoneos/SonarQueProject.build/Objects-normal/arm64/SonarQueProject_lto.o -Xlinker -export_dynamic -Xlinker -no_deduplicate -fembed-bitcode-marker -fobjc-arc -fobjc-link-runtime -framework Pods_SonarQueProject -Xlinker -no_adhoc_codesign -Xlinker -dependency_info -Xlinker /Users/bairdweng/Library/Developer/Xcode/DerivedData/SonarQueProject-crgtbykkjnghjrbvdlhkhypwwzom/Build/Intermediates.noindex/SonarQueProject.build/Debug-iphoneos/SonarQueProject.build/Objects-normal/arm64/SonarQueProject_dependency_info.dat -o /Users/bairdweng/Library/Developer/Xcode/DerivedData/SonarQueProject-crgtbykkjnghjrbvdlhkhypwwzom/Build/Products/Debug-iphoneos/SonarQueProject.app/SonarQueProject

CompileAssetCatalog /Users/bairdweng/Library/Developer/Xcode/DerivedData/SonarQueProject-crgtbykkjnghjrbvdlhkhypwwzom/Build/Products/Debug-iphoneos/SonarQueProject.app /Users/bairdweng/Desktop/SonarQueProject/SonarQueProject/Assets.xcassets (in target 'SonarQueProject' from project 'SonarQueProject')
    cd /Users/bairdweng/Desktop/SonarQueProject
    /Applications/Xcode.app/Contents/Developer/usr/bin/actool --output-format human-readable-text --notices --warnings --export-dependency-info /Users/bairdweng/Library/Developer/Xcode/DerivedData/SonarQueProject-crgtbykkjnghjrbvdlhkhypwwzom/Build/Intermediates.noindex/SonarQueProject.build/Debug-iphoneos/SonarQueProject.build/assetcatalog_dependencies --output-partial-info-plist /Users/bairdweng/Library/Developer/Xcode/DerivedData/SonarQueProject-crgtbykkjnghjrbvdlhkhypwwzom/Build/Intermediates.noindex/SonarQueProject.build/Debug-iphoneos/SonarQueProject.build/assetcatalog_generated_info.plist --app-icon AppIcon --accent-color AccentColor --compress-pngs --enable-on-demand-resources YES --development-region en --target-device iphone --target-device ipad --minimum-deployment-target 15.2 --platform iphoneos --compile /Users/bairdweng/Library/Developer/Xcode/DerivedData/SonarQueProject-crgtbykkjnghjrbvdlhkhypwwzom/Build/Products/Debug-iphoneos/SonarQueProject.app /Users/bairdweng/Desktop/SonarQueProject/SonarQueProject/Assets.xcassets
/* com.apple.actool.compilation-results */
/Users/bairdweng/Library/Developer/Xcode/DerivedData/SonarQueProject-crgtbykkjnghjrbvdlhkhypwwzom/Build/Intermediates.noindex/SonarQueProject.build/Debug-iphoneos/SonarQueProject.build/assetcatalog_generated_info.plist


CompileStoryboard /Users/bairdweng/Desktop/SonarQueProject/SonarQueProject/Base.lproj/LaunchScreen.storyboard (in target 'SonarQueProject' from project 'SonarQueProject')
    cd /Users/bairdweng/Desktop/SonarQueProject
    export XCODE_DEVELOPER_USR_PATH\=/Applications/Xcode.app/Contents/Developer/usr/bin/..
    /Applications/Xcode.app/Contents/Developer/usr/bin/ibtool --errors --warnings --notices --module SonarQueProject --output-partial-info-plist /Users/bairdweng/Library/Developer/Xcode/DerivedData/SonarQueProject-crgtbykkjnghjrbvdlhkhypwwzom/Build/Intermediates.noindex/SonarQueProject.build/Debug-iphoneos/SonarQueProject.build/Base.lproj/LaunchScreen-SBPartialInfo.plist --auto-activate-custom-fonts --target-device iphone --target-device ipad --minimum-deployment-target 15.2 --output-format human-readable-text --compilation-directory /Users/bairdweng/Library/Developer/Xcode/DerivedData/SonarQueProject-crgtbykkjnghjrbvdlhkhypwwzom/Build/Intermediates.noindex/SonarQueProject.build/Debug-iphoneos/SonarQueProject.build/Base.lproj /Users/bairdweng/Desktop/SonarQueProject/SonarQueProject/Base.lproj/LaunchScreen.storyboard

CompileStoryboard /Users/bairdweng/Desktop/SonarQueProject/SonarQueProject/Base.lproj/Main.storyboard (in target 'SonarQueProject' from project 'SonarQueProject')
    cd /Users/bairdweng/Desktop/SonarQueProject
    export XCODE_DEVELOPER_USR_PATH\=/Applications/Xcode.app/Contents/Developer/usr/bin/..
    /Applications/Xcode.app/Contents/Developer/usr/bin/ibtool --errors --warnings --notices --module SonarQueProject --output-partial-info-plist /Users/bairdweng/Library/Developer/Xcode/DerivedData/SonarQueProject-crgtbykkjnghjrbvdlhkhypwwzom/Build/Intermediates.noindex/SonarQueProject.build/Debug-iphoneos/SonarQueProject.build/Base.lproj/Main-SBPartialInfo.plist --auto-activate-custom-fonts --target-device iphone --target-device ipad --minimum-deployment-target 15.2 --output-format human-readable-text --compilation-directory /Users/bairdweng/Library/Developer/Xcode/DerivedData/SonarQueProject-crgtbykkjnghjrbvdlhkhypwwzom/Build/Intermediates.noindex/SonarQueProject.build/Debug-iphoneos/SonarQueProject.build/Base.lproj /Users/bairdweng/Desktop/SonarQueProject/SonarQueProject/Base.lproj/Main.storyboard

ProcessInfoPlistFile /Users/bairdweng/Library/Developer/Xcode/DerivedData/SonarQueProject-crgtbykkjnghjrbvdlhkhypwwzom/Build/Products/Debug-iphoneos/SonarQueProject.app/Info.plist /Users/bairdweng/Desktop/SonarQueProject/SonarQueProject/Info.plist (in target 'SonarQueProject' from project 'SonarQueProject')
    cd /Users/bairdweng/Desktop/SonarQueProject
    builtin-infoPlistUtility /Users/bairdweng/Desktop/SonarQueProject/SonarQueProject/Info.plist -producttype com.apple.product-type.application -genpkginfo /Users/bairdweng/Library/Developer/Xcode/DerivedData/SonarQueProject-crgtbykkjnghjrbvdlhkhypwwzom/Build/Products/Debug-iphoneos/SonarQueProject.app/PkgInfo -expandbuildsettings -format binary -platform iphoneos -additionalcontentfile /Users/bairdweng/Library/Developer/Xcode/DerivedData/SonarQueProject-crgtbykkjnghjrbvdlhkhypwwzom/Build/Intermediates.noindex/SonarQueProject.build/Debug-iphoneos/SonarQueProject.build/Base.lproj/LaunchScreen-SBPartialInfo.plist -additionalcontentfile /Users/bairdweng/Library/Developer/Xcode/DerivedData/SonarQueProject-crgtbykkjnghjrbvdlhkhypwwzom/Build/Intermediates.noindex/SonarQueProject.build/Debug-iphoneos/SonarQueProject.build/Base.lproj/Main-SBPartialInfo.plist -additionalcontentfile /Users/bairdweng/Library/Developer/Xcode/DerivedData/SonarQueProject-crgtbykkjnghjrbvdlhkhypwwzom/Build/Intermediates.noindex/SonarQueProject.build/Debug-iphoneos/SonarQueProject.build/assetcatalog_generated_info.plist -requiredArchitecture arm64 -o /Users/bairdweng/Library/Developer/Xcode/DerivedData/SonarQueProject-crgtbykkjnghjrbvdlhkhypwwzom/Build/Products/Debug-iphoneos/SonarQueProject.app/Info.plist

LinkStoryboards (in target 'SonarQueProject' from project 'SonarQueProject')
    cd /Users/bairdweng/Desktop/SonarQueProject
    export XCODE_DEVELOPER_USR_PATH\=/Applications/Xcode.app/Contents/Developer/usr/bin/..
    /Applications/Xcode.app/Contents/Developer/usr/bin/ibtool --errors --warnings --notices --module SonarQueProject --target-device iphone --target-device ipad --minimum-deployment-target 15.2 --output-format human-readable-text --link /Users/bairdweng/Library/Developer/Xcode/DerivedData/SonarQueProject-crgtbykkjnghjrbvdlhkhypwwzom/Build/Products/Debug-iphoneos/SonarQueProject.app /Users/bairdweng/Library/Developer/Xcode/DerivedData/SonarQueProject-crgtbykkjnghjrbvdlhkhypwwzom/Build/Intermediates.noindex/SonarQueProject.build/Debug-iphoneos/SonarQueProject.build/Base.lproj/LaunchScreen.storyboardc /Users/bairdweng/Library/Developer/Xcode/DerivedData/SonarQueProject-crgtbykkjnghjrbvdlhkhypwwzom/Build/Intermediates.noindex/SonarQueProject.build/Debug-iphoneos/SonarQueProject.build/Base.lproj/Main.storyboardc

CodeSign /Users/bairdweng/Library/Developer/Xcode/DerivedData/SonarQueProject-crgtbykkjnghjrbvdlhkhypwwzom/Build/Products/Debug-iphoneos/SonarQueProject.app (in target 'SonarQueProject' from project 'SonarQueProject')
    cd /Users/bairdweng/Desktop/SonarQueProject
    export CODESIGN_ALLOCATE\=/Applications/Xcode.app/Contents/Developer/Toolchains/XcodeDefault.xctoolchain/usr/bin/codesign_allocate
    
    Signing Identity:     "Apple Development: 644672334@qq.com (Q8LV98TGWW)"
    Provisioning Profile: "iOS Team Provisioning Profile: Test.SonarQueProject"
                          (7df328cc-e1f7-49fb-9927-e5349c27e0d3)
    
    /usr/bin/codesign --force --sign 864C21F0ACF7D3BE07282D28A09077B04C9292E2 --entitlements /Users/bairdweng/Library/Developer/Xcode/DerivedData/SonarQueProject-crgtbykkjnghjrbvdlhkhypwwzom/Build/Intermediates.noindex/SonarQueProject.build/Debug-iphoneos/SonarQueProject.build/SonarQueProject.app.xcent --timestamp\=none --generate-entitlement-der /Users/bairdweng/Library/Developer/Xcode/DerivedData/SonarQueProject-crgtbykkjnghjrbvdlhkhypwwzom/Build/Products/Debug-iphoneos/SonarQueProject.app

RegisterExecutionPolicyException /Users/bairdweng/Library/Developer/Xcode/DerivedData/SonarQueProject-crgtbykkjnghjrbvdlhkhypwwzom/Build/Products/Debug-iphoneos/SonarQueProject.app (in target 'SonarQueProject' from project 'SonarQueProject')
    cd /Users/bairdweng/Desktop/SonarQueProject
    builtin-RegisterExecutionPolicyException /Users/bairdweng/Library/Developer/Xcode/DerivedData/SonarQueProject-crgtbykkjnghjrbvdlhkhypwwzom/Build/Products/Debug-iphoneos/SonarQueProject.app

Validate /Users/bairdweng/Library/Developer/Xcode/DerivedData/SonarQueProject-crgtbykkjnghjrbvdlhkhypwwzom/Build/Products/Debug-iphoneos/SonarQueProject.app (in target 'SonarQueProject' from project 'SonarQueProject')
    cd /Users/bairdweng/Desktop/SonarQueProject
    builtin-validationUtility /Users/bairdweng/Library/Developer/Xcode/DerivedData/SonarQueProject-crgtbykkjnghjrbvdlhkhypwwzom/Build/Products/Debug-iphoneos/SonarQueProject.app

Touch /Users/bairdweng/Library/Developer/Xcode/DerivedData/SonarQueProject-crgtbykkjnghjrbvdlhkhypwwzom/Build/Products/Debug-iphoneos/SonarQueProject.app (in target 'SonarQueProject' from project 'SonarQueProject')
    cd /Users/bairdweng/Desktop/SonarQueProject
    /usr/bin/touch -c /Users/bairdweng/Library/Developer/Xcode/DerivedData/SonarQueProject-crgtbykkjnghjrbvdlhkhypwwzom/Build/Products/Debug-iphoneos/SonarQueProject.app

** BUILD SUCCEEDED **

